-------------------------------------------------------------------------------
Test set: runner.Runner
-------------------------------------------------------------------------------
Tests run: 2, Failures: 1, Errors: 0, Skipped: 0, Time elapsed: 17.314 s <<< FAILURE! - in runner.Runner
Employee Login Functionality.Verify Employee Login Functionality  Time elapsed: 7.193 s  <<< FAILURE!
org.junit.ComparisonFailure: expected:<Welcome Test[s]> but was:<Welcome Test[]>

